proguard/seeds.txt
io.netty.handler.codec.compression.JdkZlibDecoder$GzipState: io.netty.handler.codec.compression.JdkZlibDecoder$GzipState[] values()
io.netty.handler.codec.compression.JdkZlibDecoder$GzipState: io.netty.handler.codec.compression.JdkZlibDecoder$GzipState valueOf(java.lang.String)
io.netty.handler.codec.compression.Snappy$State: io.netty.handler.codec.compression.Snappy$State[] values()
io.netty.handler.codec.compression.Snappy$State: io.netty.handler.codec.compression.Snappy$State valueOf(java.lang.String)
io.netty.handler.codec.compression.SnappyFramedDecoder$ChunkType: io.netty.handler.codec.compression.SnappyFramedDecoder$ChunkType[] values()
io.netty.handler.codec.compression.SnappyFramedDecoder$ChunkType: io.netty.handler.codec.compression.SnappyFramedDecoder$ChunkType valueOf(java.lang.String)
io.netty.handler.codec.compression.ZlibWrapper: io.netty.handler.codec.compression.ZlibWrapper[] values()
io.netty.handler.codec.compression.ZlibWrapper: io.netty.handler.codec.compression.ZlibWrapper valueOf(java.lang.String)
io.netty.handler.codec.http.HttpContentEncoder$State: io.netty.handler.codec.http.HttpContentEncoder$State[] values()
io.netty.handler.codec.http.HttpContentEncoder$State: io.netty.handler.codec.http.HttpContentEncoder$State valueOf(java.lang.String)
io.netty.handler.codec.http.HttpObjectDecoder$State: io.netty.handler.codec.http.HttpObjectDecoder$State[] values()
io.netty.handler.codec.http.HttpObjectDecoder$State: io.netty.handler.codec.http.HttpObjectDecoder$State valueOf(java.lang.String)
io.netty.handler.codec.http.multipart.HttpPostBodyUtil$TransferEncodingMechanism: io.netty.handler.codec.http.multipart.HttpPostBodyUtil$TransferEncodingMechanism[] values()
io.netty.handler.codec.http.multipart.HttpPostBodyUtil$TransferEncodingMechanism: io.netty.handler.codec.http.multipart.HttpPostBodyUtil$TransferEncodingMechanism valueOf(java.lang.String)
io.netty.handler.codec.http.multipart.HttpPostRequestDecoder$MultiPartStatus: io.netty.handler.codec.http.multipart.HttpPostRequestDecoder$MultiPartStatus[] values()
io.netty.handler.codec.http.multipart.HttpPostRequestDecoder$MultiPartStatus: io.netty.handler.codec.http.multipart.HttpPostRequestDecoder$MultiPartStatus valueOf(java.lang.String)
io.netty.handler.codec.http.multipart.HttpPostRequestEncoder$EncoderMode: io.netty.handler.codec.http.multipart.HttpPostRequestEncoder$EncoderMode[] values()
io.netty.handler.codec.http.multipart.HttpPostRequestEncoder$EncoderMode: io.netty.handler.codec.http.multipart.HttpPostRequestEncoder$EncoderMode valueOf(java.lang.String)
io.netty.handler.codec.http.multipart.InterfaceHttpData$HttpDataType: io.netty.handler.codec.http.multipart.InterfaceHttpData$HttpDataType[] values()
io.netty.handler.codec.http.multipart.InterfaceHttpData$HttpDataType: io.netty.handler.codec.http.multipart.InterfaceHttpData$HttpDataType valueOf(java.lang.String)
io.netty.handler.codec.http.websocketx.WebSocket08FrameDecoder$State: io.netty.handler.codec.http.websocketx.WebSocket08FrameDecoder$State[] values()
io.netty.handler.codec.http.websocketx.WebSocket08FrameDecoder$State: io.netty.handler.codec.http.websocketx.WebSocket08FrameDecoder$State valueOf(java.lang.String)
io.netty.handler.codec.http.websocketx.WebSocketClientProtocolHandler$ClientHandshakeStateEvent: io.netty.handler.codec.http.websocketx.WebSocketClientProtocolHandler$ClientHandshakeStateEvent[] values()
io.netty.handler.codec.http.websocketx.WebSocketClientProtocolHandler$ClientHandshakeStateEvent: io.netty.handler.codec.http.websocketx.WebSocketClientProtocolHandler$ClientHandshakeStateEvent valueOf(java.lang.String)