proguard/mapping.txt
android.support.v4.view.KeyEventCompat$KeyEventVersionImpl -> android.support.v4.view.z:
    boolean metaStateHasModifiers(int,int) -> a
    boolean metaStateHasNoModifiers(int) -> b
    void startTracking(android.view.KeyEvent) -> a
android.support.v4.view.KeyEventCompatEclair -> android.support.v4.view.aa:
    void startTracking(android.view.KeyEvent) -> a
android.support.v4.view.KeyEventCompatHoneycomb -> android.support.v4.view.ab:
    int normalizeMetaState(int) -> a
    boolean metaStateHasModifiers(int,int) -> a
    boolean metaStateHasNoModifiers(int) -> b
android.support.v4.view.MenuItemCompat -> android.support.v4.view.ac:
    android.support.v4.view.MenuItemCompat$MenuVersionImpl IMPL -> a
    void setShowAsAction(android.view.MenuItem,int) -> a
    android.view.MenuItem setActionView(android.view.MenuItem,android.view.View) -> a
    android.view.MenuItem setActionView(android.view.MenuItem,int) -> b
    android.view.View getActionView(android.view.MenuItem) -> a
    android.view.MenuItem setActionProvider(android.view.MenuItem,android.support.v4.view.ActionProvider) -> a
    boolean expandActionView(android.view.MenuItem) -> b
    boolean isActionViewExpanded(android.view.MenuItem) -> c
android.support.v4.view.MenuItemCompat$BaseMenuVersionImpl -> android.support.v4.view.ad:
    void setShowAsAction(android.view.MenuItem,int) -> a
    android.view.MenuItem setActionView(android.view.MenuItem,android.view.View) -> a
    android.view.MenuItem setActionView(android.view.MenuItem,int) -> b
    android.view.View getActionView(android.view.MenuItem) -> a
    boolean expandActionView(android.view.MenuItem) -> b
    boolean isActionViewExpanded(android.view.MenuItem) -> c
android.support.v4.view.MenuItemCompat$HoneycombMenuVersionImpl -> android.support.v4.view.ae:
    void setShowAsAction(android.view.MenuItem,int) -> a
    android.view.MenuItem setActionView(android.view.MenuItem,android.view.View) -> a
    android.view.MenuItem setActionView(android.view.MenuItem,int) -> b
    android.view.View getActionView(android.view.MenuItem) -> a
    boolean expandActionView(android.view.MenuItem) -> b
    boolean isActionViewExpanded(android.view.MenuItem) -> c
android.support.v4.view.MenuItemCompat$IcsMenuVersionImpl -> android.support.v4.view.af:
    boolean expandActionView(android.view.MenuItem) -> b
    boolean isActionViewExpanded(android.view.MenuItem) -> c
android.support.v4.view.MenuItemCompat$MenuVersionImpl -> android.support.v4.view.ag:
    void setShowAsAction(android.view.MenuItem,int) -> a
    android.view.MenuItem setActionView(android.view.MenuItem,android.view.View) -> a
    android.view.MenuItem setActionView(android.view.MenuItem,int) -> b
    android.view.View getActionView(android.view.MenuItem) -> a
    boolean expandActionView(android.view.MenuItem) -> b
    boolean isActionViewExpanded(android.view.MenuItem) -> c
android.support.v4.view.MenuItemCompat$OnActionExpandListener -> android.support.v4.view.ah:
    boolean onMenuItemActionExpand(android.view.MenuItem) -> a
    boolean onMenuItemActionCollapse(android.view.MenuItem) -> b
android.support.v4.view.MenuItemCompatHoneycomb -> android.support.v4.view.ai:
    void setShowAsAction(android.view.MenuItem,int) -> a
    android.view.MenuItem setActionView(android.view.MenuItem,android.view.View) -> a
    android.view.MenuItem setActionView(android.view.MenuItem,int) -> b
    android.view.View getActionView(android.view.MenuItem) -> a
android.support.v4.view.MenuItemCompatIcs -> android.support.v4.view.aj:
    boolean expandActionView(android.view.MenuItem) -> a
    boolean isActionViewExpanded(android.view.MenuItem) -> b