proguard/usage.txt
com.google.android.gms.internal.c
com.google.android.gms.internal.c$a
com.google.android.gms.internal.c$b
com.google.android.gms.internal.c$c
com.google.android.gms.internal.c$d
com.google.android.gms.internal.c$e
com.google.android.gms.internal.c$f
com.google.android.gms.internal.c$g
com.google.android.gms.internal.c$h
com.google.android.gms.internal.c$i
com.google.android.gms.internal.c$j
com.google.android.gms.internal.cb:
    public cb(java.lang.String,java.lang.String,java.lang.String,java.lang.String,java.lang.String,java.lang.String,java.lang.String)
com.google.android.gms.internal.cc
com.google.android.gms.internal.cc$1
com.google.android.gms.internal.cc$a
com.google.android.gms.internal.cc$b
com.google.android.gms.internal.cc$c
com.google.android.gms.internal.ce:
    public static void a(android.content.Intent,com.google.android.gms.internal.ce)
    public static com.google.android.gms.internal.ce a(android.content.Intent)
    public ce(com.google.android.gms.internal.u,com.google.android.gms.internal.cf,com.google.android.gms.internal.ci,com.google.android.gms.internal.dz,int,com.google.android.gms.internal.dx,java.lang.String)
    public ce(com.google.android.gms.internal.u,com.google.android.gms.internal.cf,com.google.android.gms.internal.ci,com.google.android.gms.internal.dz,boolean,int,com.google.android.gms.internal.dx)
    public ce(com.google.android.gms.internal.u,com.google.android.gms.internal.cf,com.google.android.gms.internal.az,com.google.android.gms.internal.ci,com.google.android.gms.internal.dz,boolean,int,java.lang.String,com.google.android.gms.internal.dx,com.google.android.gms.internal.bc)
    public ce(com.google.android.gms.internal.u,com.google.android.gms.internal.cf,com.google.android.gms.internal.az,com.google.android.gms.internal.ci,com.google.android.gms.internal.dz,boolean,int,java.lang.String,java.lang.String,com.google.android.gms.internal.dx,com.google.android.gms.internal.bc)
    public ce(com.google.android.gms.internal.cb,com.google.android.gms.internal.u,com.google.android.gms.internal.cf,com.google.android.gms.internal.ci,com.google.android.gms.internal.dx)
com.google.android.gms.internal.cf:
    public abstract void V()
    public abstract void W()
com.google.android.gms.internal.cg
com.google.android.gms.internal.cg$a
com.google.android.gms.internal.cg$a$1
com.google.android.gms.internal.ch
com.google.android.gms.internal.ci:
    public abstract void U()
com.google.android.gms.internal.cj
com.google.android.gms.internal.cj$a
com.google.android.gms.internal.ck
com.google.android.gms.internal.ck$a
com.google.android.gms.internal.ck$a$a
com.google.android.gms.internal.cl
com.google.android.gms.internal.cl$a
com.google.android.gms.internal.cl$a$a
com.google.android.gms.internal.cm
com.google.android.gms.internal.cn
com.google.android.gms.internal.cn$a
com.google.android.gms.internal.cn$a$a
com.google.android.gms.internal.co
com.google.android.gms.internal.co$a
com.google.android.gms.internal.co$a$a
com.google.android.gms.internal.cp
com.google.android.gms.internal.cq
com.google.android.gms.internal.cr
com.google.android.gms.internal.cr$a
com.google.android.gms.internal.cs
com.google.android.gms.internal.cs$1
com.google.android.gms.internal.cs$2
com.google.android.gms.internal.cs$3
com.google.android.gms.internal.cs$4
com.google.android.gms.internal.cs$a
com.google.android.gms.internal.ct
com.google.android.gms.internal.ct$a
com.google.android.gms.internal.cu
com.google.android.gms.internal.cu$a
com.google.android.gms.internal.cv
com.google.android.gms.internal.cv$a
com.google.android.gms.internal.cv$b
com.google.android.gms.internal.cw